<?xml version="1.0" encoding="UTF-8"?>
<!-- Generated by org.testng.reporters.JUnitXMLReporter -->
<testsuite ignored="1" hostname="Neerajs-Air" failures="0" tests="2" name="Default test" time="3.742" errors="0" timestamp="2023-06-08T19:35:14 CEST">
  <testcase classname="Automation.HttpRequest" name="getId" time="3.364"/>
  <testcase classname="Automation.HttpRequest" name="deleteUser" time="0.332"/>
  <testcase classname="Automation.HttpRequest" name="getUser" time="0.0">
    <ignored/>
  </testcase> <!-- getUser -->
</testsuite> <!-- Default test -->
