<?xml version="1.0" encoding="UTF-8"?>
<testng-results ignored="1" total="3" passed="2" failed="0" skipped="0">
  <reporter-output>
  </reporter-output>
  <suite started-at="2023-06-08T19:35:11 CEST" name="Default suite" finished-at="2023-06-08T19:35:14 CEST" duration-ms="3742">
    <groups>
    </groups>
    <test started-at="2023-06-08T19:35:11 CEST" name="Default test" finished-at="2023-06-08T19:35:14 CEST" duration-ms="3742">
      <class name="Automation.HttpRequest">
        <test-method signature="getId()[pri:1, instance:Automation.HttpRequest@140c9f39]" started-at="2023-06-08T19:35:11 CEST" name="getId" finished-at="2023-06-08T19:35:14 CEST" duration-ms="3364" status="PASS">
          <reporter-output>
          </reporter-output>
        </test-method> <!-- getId -->
        <test-method signature="deleteUser()[pri:0, instance:Automation.HttpRequest@140c9f39]" started-at="2023-06-08T19:35:14 CEST" name="deleteUser" finished-at="2023-06-08T19:35:14 CEST" depends-on-methods="Automation.HttpRequest.getId" duration-ms="332" status="PASS">
          <reporter-output>
          </reporter-output>
        </test-method> <!-- deleteUser -->
      </class> <!-- Automation.HttpRequest -->
    </test> <!-- Default test -->
  </suite> <!-- Default suite -->
</testng-results>
