<?xml version="1.0" encoding="UTF-8"?>
<!-- Generated by org.testng.reporters.JUnitReportReporter -->
<testsuite hostname="Neerajs-Air" failures="0" tests="3" name="Automation.HttpRequest" time="3.696" errors="0" timestamp="2023-06-08T19:35:15 CEST" skipped="1">
  <testcase classname="Automation.HttpRequest" name="deleteUser" time="0.332"/>
  <system-out/>
  <testcase classname="Automation.HttpRequest" name="getId" time="3.364"/>
  <system-out/>
  <testcase classname="Automation.HttpRequest" name="getUser">
    <skipped/>
  </testcase> <!-- getUser -->
  <system-out/>
</testsuite> <!-- Automation.HttpRequest -->
